[debug] [2020-02-19T03:43:12.052Z] ----------------------------------------------------------------------
[debug] [2020-02-19T03:43:12.054Z] Command:       /usr/local/bin/firebase /Users/makinosatsutaira/.cache/firebase/tools/lib/node_modules/firebase-tools/lib/bin/firebase serve
[debug] [2020-02-19T03:43:12.054Z] CLI Version:   7.13.0
[debug] [2020-02-19T03:43:12.055Z] Platform:      darwin
[debug] [2020-02-19T03:43:12.055Z] Node Version:  v12.13.1
[debug] [2020-02-19T03:43:12.056Z] Time:          Wed Feb 19 2020 12:43:12 GMT+0900 (GMT+09:00)
[debug] [2020-02-19T03:43:12.056Z] ----------------------------------------------------------------------
[debug] [2020-02-19T03:43:12.056Z] 
[debug] [2020-02-19T03:43:12.067Z] > command requires scopes: ["email","openid","https://www.googleapis.com/auth/cloudplatformprojects.readonly","https://www.googleapis.com/auth/firebase","https://www.googleapis.com/auth/cloud-platform"]
[debug] [2020-02-19T03:43:12.067Z] > authorizing via signed-in user
[debug] [2020-02-19T03:43:12.068Z] [iam] checking project my-portfolio-site-cf85e for permissions ["firebase.projects.get"]
[debug] [2020-02-19T03:43:12.070Z] >>> HTTP REQUEST POST https://cloudresourcemanager.googleapis.com/v1/projects/my-portfolio-site-cf85e:testIamPermissions  

[debug] [2020-02-19T03:43:12.952Z] <<< HTTP RESPONSE 200
[debug] [2020-02-19T03:43:12.954Z] >>> HTTP REQUEST GET https://firebase.googleapis.com/v1beta1/projects/my-portfolio-site-cf85e  
 
[debug] [2020-02-19T03:43:13.485Z] <<< HTTP RESPONSE 200
[info] 
[info] === Serving from '/Users/makinosatsutaira/projects/my_portfolio_site2'...
[info] 
[debug] [2020-02-19T03:43:13.487Z] >>> HTTP REQUEST GET https://firebase.googleapis.com/v1beta1/projects/my-portfolio-site-cf85e/webApps/-/config  
 
[debug] [2020-02-19T03:43:14.622Z] <<< HTTP RESPONSE 200
[info] i  hosting: Serving hosting files from: public
[info] ✔  hosting: Local server: http://localhost:5000
